<?xml version="1.0" encoding="UTF-8"?>
<!-- Generated by org.testng.reporters.JUnitReportReporter -->
<testsuite skipped="0" hostname="VISHAL-HP" name="seleniumrevision.org.test.ReadDataFromPDF" tests="1" failures="0" timestamp="22 Aug 2018 05:57:05 GMT" time="0.800" errors="0">
  <testcase name="readData" time="0.800" classname="seleniumrevision.org.test.ReadDataFromPDF"/>
</testsuite> <!-- seleniumrevision.org.test.ReadDataFromPDF -->
