<?xml version="1.0" encoding="UTF-8"?>
<!-- Generated by org.testng.reporters.JUnitReportReporter -->
<testsuite skipped="0" hostname="VISHAL-HP" name="seleniumrevision.org.test.TestNGReporterActitime" tests="1" failures="0" timestamp="13 Aug 2018 03:41:26 GMT" time="10.819" errors="0">
  <testcase name="actiTimeLoghin" time="10.819" classname="seleniumrevision.org.test.TestNGReporterActitime"/>
</testsuite> <!-- seleniumrevision.org.test.TestNGReporterActitime -->
