<?xml version="1.0" encoding="UTF-8"?>
<!-- Generated by org.testng.reporters.JUnitReportReporter -->
<testsuite skipped="0" hostname="VISHAL-HP" name="seleniumrevision.org.test.ReporterDemo" tests="1" failures="0" timestamp="13 Aug 2018 06:10:24 GMT" time="25.537" errors="0">
  <testcase name="testReport" time="25.537" classname="seleniumrevision.org.test.ReporterDemo"/>
</testsuite> <!-- seleniumrevision.org.test.ReporterDemo -->
