<?xml version="1.0" encoding="UTF-8"?>
<!-- Generated by org.testng.reporters.JUnitReportReporter -->
<testsuite skipped="0" hostname="VISHAL-HP" name="seleniumrevision.org.test.DependenciesOfGroup" tests="3" failures="0" timestamp="11 Aug 2018 06:11:21 GMT" time="0.021" errors="0">
  <testcase name="rewriteMessage" time="0.018" classname="seleniumrevision.org.test.DependenciesOfGroup"/>
  <testcase name="writeMessage" time="0.002" classname="seleniumrevision.org.test.DependenciesOfGroup"/>
  <testcase name="printMessage" time="0.001" classname="seleniumrevision.org.test.DependenciesOfGroup"/>
</testsuite> <!-- seleniumrevision.org.test.DependenciesOfGroup -->
