<?xml version="1.0" encoding="UTF-8"?>
<!-- Generated by org.testng.reporters.JUnitReportReporter -->
<testsuite skipped="0" hostname="VISHAL-HP" name="seleniumrevision.org.test.PDFFetchFromURL" tests="1" failures="0" timestamp="22 Aug 2018 13:21:17 GMT" time="25.554" errors="0">
  <testcase name="pdf" time="25.554" classname="seleniumrevision.org.test.PDFFetchFromURL"/>
</testsuite> <!-- seleniumrevision.org.test.PDFFetchFromURL -->
