<?xml version="1.0" encoding="UTF-8"?>
<!-- Generated by org.testng.reporters.JUnitReportReporter -->
<testsuite skipped="0" hostname="VISHAL-HP" name="seleniumrevision.org.test.ExpectedExceptionTest" tests="1" failures="0" timestamp="10 Aug 2018 05:19:38 GMT" time="0.013" errors="0">
  <testcase name="testPrintMessage" time="0.013" classname="seleniumrevision.org.test.ExpectedExceptionTest"/>
</testsuite> <!-- seleniumrevision.org.test.ExpectedExceptionTest -->
