<?xml version="1.0" encoding="UTF-8"?>
<!-- Generated by org.testng.reporters.JUnitReportReporter -->
<testsuite skipped="0" hostname="VISHAL-HP" name="seleniumrevision.org.test.ReadPDFDataFromURL" tests="1" failures="0" timestamp="22 Aug 2018 11:56:13 GMT" time="28.451" errors="0">
  <testcase name="pdf" time="28.451" classname="seleniumrevision.org.test.ReadPDFDataFromURL"/>
</testsuite> <!-- seleniumrevision.org.test.ReadPDFDataFromURL -->
