<?xml version="1.0" encoding="UTF-8"?>
<!-- Generated by org.testng.reporters.JUnitReportReporter -->
<testsuite skipped="0" hostname="VISHAL-HP" name="seleniumrevision.org.test.TestNGReporter" tests="6" failures="0" timestamp="13 Aug 2018 03:08:25 GMT" time="0.022" errors="0">
  <testcase name="CreateUser" time="0.011" classname="seleniumrevision.org.test.TestNGReporter"/>
  <testcase name="createProduct" time="0.002" classname="seleniumrevision.org.test.TestNGReporter"/>
  <testcase name="editProduct" time="0.001" classname="seleniumrevision.org.test.TestNGReporter"/>
  <testcase name="editUser" time="0.002" classname="seleniumrevision.org.test.TestNGReporter"/>
  <testcase name="deleteProduct" time="0.003" classname="seleniumrevision.org.test.TestNGReporter"/>
  <testcase name="deleteUser" time="0.003" classname="seleniumrevision.org.test.TestNGReporter"/>
</testsuite> <!-- seleniumrevision.org.test.TestNGReporter -->
