<?xml version="1.0" encoding="UTF-8"?>
<!-- Generated by org.testng.reporters.JUnitReportReporter -->
<testsuite skipped="0" hostname="VISHAL-HP" name="seleniumrevision.org.test.SeleniumGridDemo" tests="2" failures="0" timestamp="20 Aug 2018 12:38:07 GMT" time="76.318" errors="0">
  <testcase name="launchFirefoxAndChrome" time="41.135" classname="seleniumrevision.org.test.SeleniumGridDemo"/>
  <testcase name="launchFirefoxAndChrome" time="35.183" classname="seleniumrevision.org.test.SeleniumGridDemo"/>
</testsuite> <!-- seleniumrevision.org.test.SeleniumGridDemo -->
