<?xml version="1.0" encoding="UTF-8"?>
<!-- Generated by org.testng.reporters.JUnitReportReporter -->
<testsuite skipped="0" hostname="VISHAL-HP" name="seleniumrevision.org.test.GroupTestExample" tests="3" failures="0" timestamp="11 Aug 2018 05:59:37 GMT" time="0.020" errors="0">
  <testcase name="writeMessage" time="0.002" classname="seleniumrevision.org.test.GroupTestExample"/>
  <testcase name="printMessage" time="0.016" classname="seleniumrevision.org.test.GroupTestExample"/>
  <testcase name="rewriteMessage" time="0.002" classname="seleniumrevision.org.test.GroupTestExample"/>
</testsuite> <!-- seleniumrevision.org.test.GroupTestExample -->
