<?xml version="1.0" encoding="UTF-8"?>
<!-- Generated by org.testng.reporters.JUnitReportReporter -->
<testsuite skipped="0" hostname="VISHAL-HP" name="seleniumrevision.org.test.SeleniumGrid" tests="1" failures="0" timestamp="21 Aug 2018 07:06:14 GMT" time="17.130" errors="0">
  <testcase name="sampleTest" time="17.130" classname="seleniumrevision.org.test.SeleniumGrid"/>
</testsuite> <!-- seleniumrevision.org.test.SeleniumGrid -->
