<?xml version="1.0" encoding="UTF-8"?>
<!-- Generated by org.testng.reporters.JUnitReportReporter -->
<testsuite skipped="0" hostname="VISHAL-HP" name="seleniumrevision.org.test.TestNGDemoA" tests="6" failures="0" timestamp="08 Aug 2018 04:01:13 GMT" time="0.031" errors="0">
  <testcase name="CreateUser" time="0.014" classname="seleniumrevision.org.test.TestNGDemoA"/>
  <testcase name="createProduct" time="0.004" classname="seleniumrevision.org.test.TestNGDemoA"/>
  <testcase name="editProduct" time="0.001" classname="seleniumrevision.org.test.TestNGDemoA"/>
  <testcase name="editUser" time="0.001" classname="seleniumrevision.org.test.TestNGDemoA"/>
  <testcase name="deleteProduct" time="0.003" classname="seleniumrevision.org.test.TestNGDemoA"/>
  <testcase name="deleteUser" time="0.008" classname="seleniumrevision.org.test.TestNGDemoA"/>
</testsuite> <!-- seleniumrevision.org.test.TestNGDemoA -->
