<?xml version="1.0" encoding="UTF-8"?>
<!-- Generated by org.testng.reporters.JUnitReportReporter -->
<testsuite skipped="0" hostname="VISHAL-HP" name="seleniumrevision.org.test.AssertionsAndWaits" tests="1" failures="0" timestamp="18 Aug 2018 05:25:13 GMT" time="4.907" errors="0">
  <testcase name="testLogin" time="4.907" classname="seleniumrevision.org.test.AssertionsAndWaits"/>
</testsuite> <!-- seleniumrevision.org.test.AssertionsAndWaits -->
