<?xml version="1.0" encoding="UTF-8"?>
<!-- Generated by org.testng.reporters.JUnitReportReporter -->
<testsuite skipped="0" hostname="VISHAL-HP" name="seleniumrevision.org.test.ActiTimeLogin" tests="1" failures="0" timestamp="13 Aug 2018 03:32:24 GMT" time="7.021" errors="0">
  <testcase name="actiTimeLoghin" time="7.021" classname="seleniumrevision.org.test.ActiTimeLogin"/>
</testsuite> <!-- seleniumrevision.org.test.ActiTimeLogin -->
