<?xml version="1.0" encoding="UTF-8"?>
<!-- Generated by org.testng.reporters.JUnitReportReporter -->
<testsuite skipped="0" hostname="VISHAL-HP" name="seleniumrevision.org.test.BaseTestNg" tests="2" failures="0" timestamp="06 Aug 2018 13:04:37 GMT" time="0.010" errors="0">
  <testcase name="testCase2" time="0.003" classname="seleniumrevision.org.test.BaseTestNg"/>
  <testcase name="testCase1" time="0.007" classname="seleniumrevision.org.test.BaseTestNg"/>
</testsuite> <!-- seleniumrevision.org.test.BaseTestNg -->
