<?xml version="1.0" encoding="UTF-8"?>
<!-- Generated by org.testng.reporters.JUnitReportReporter -->
<testsuite skipped="0" hostname="VISHAL-HP" name="seleniumrevision.org.test.ParameterisedTest" tests="1" failures="0" timestamp="11 Aug 2018 07:34:45 GMT" time="0.013" errors="0">
  <testcase name="parameterisedTest" time="0.013" classname="seleniumrevision.org.test.ParameterisedTest"/>
</testsuite> <!-- seleniumrevision.org.test.ParameterisedTest -->
