<?xml version="1.0" encoding="UTF-8"?>
<!-- Generated by org.testng.reporters.JUnitReportReporter -->
<testsuite skipped="0" hostname="VISHAL-HP" name="seleniumrevision.org.test.TestNGSimpleTest" tests="1" failures="0" timestamp="08 Aug 2018 05:23:43 GMT" time="0.003" errors="0">
  <testcase name="testAdd" time="0.003" classname="seleniumrevision.org.test.TestNGSimpleTest"/>
</testsuite> <!-- seleniumrevision.org.test.TestNGSimpleTest -->
