<?xml version="1.0" encoding="UTF-8"?>
<!-- Generated by org.testng.reporters.JUnitReportReporter -->
<testsuite skipped="0" hostname="VISHAL-HP" name="seleniumrevision.org.test.TestNGDependienciesMethod" tests="3" failures="0" timestamp="11 Aug 2018 03:43:18 GMT" time="0.017" errors="0">
  <testcase name="writeMessage" time="0.001" classname="seleniumrevision.org.test.TestNGDependienciesMethod"/>
  <testcase name="rewriteMessage" time="0.002" classname="seleniumrevision.org.test.TestNGDependienciesMethod"/>
  <testcase name="printMessage" time="0.014" classname="seleniumrevision.org.test.TestNGDependienciesMethod"/>
</testsuite> <!-- seleniumrevision.org.test.TestNGDependienciesMethod -->
