<?xml version="1.0" encoding="UTF-8"?>
<!-- Generated by org.testng.reporters.JUnitReportReporter -->
<testsuite skipped="0" hostname="VISHAL-HP" name="seleniumrevision.org.test.PDFFetchFromURL" tests="1" failures="0" timestamp="24 Aug 2018 07:12:55 GMT" time="29.869" errors="0">
  <testcase name="pdf" time="29.869" classname="seleniumrevision.org.test.PDFFetchFromURL"/>
</testsuite> <!-- seleniumrevision.org.test.PDFFetchFromURL -->
