<?xml version="1.0" encoding="UTF-8"?>
<!-- Generated by org.testng.reporters.JUnitReportReporter -->
<testsuite skipped="0" hostname="VISHAL-HP" name="seleniumrevision.org.test.SeleniumGridNew" tests="2" failures="0" timestamp="21 Aug 2018 07:19:11 GMT" time="37.848" errors="0">
  <testcase name="launchChromeAndFireFox" time="11.789" classname="seleniumrevision.org.test.SeleniumGridNew"/>
  <testcase name="launchChromeAndFireFox" time="26.059" classname="seleniumrevision.org.test.SeleniumGridNew"/>
</testsuite> <!-- seleniumrevision.org.test.SeleniumGridNew -->
