<?xml version="1.0" encoding="UTF-8"?>
<!-- Generated by org.testng.reporters.JUnitReportReporter -->
<testsuite skipped="0" hostname="VISHAL-HP" name="seleniumrevision.org.test.TestNGSimpleTest1" tests="1" failures="0" timestamp="08 Aug 2018 05:23:43 GMT" time="0.012" errors="0">
  <testcase name="simpleTest1" time="0.012" classname="seleniumrevision.org.test.TestNGSimpleTest1"/>
</testsuite> <!-- seleniumrevision.org.test.TestNGSimpleTest1 -->
