<?xml version="1.0" encoding="UTF-8"?>
<!-- Generated by org.testng.reporters.JUnitReportReporter -->
<testsuite skipped="0" hostname="VISHAL-HP" name="seleniumrevision.org.test.LaunchMultipleBtowsers" tests="2" failures="0" timestamp="13 Aug 2018 03:14:22 GMT" time="41.642" errors="0">
  <testcase name="launchBrowsers" time="20.107" classname="seleniumrevision.org.test.LaunchMultipleBtowsers"/>
  <testcase name="launchBrowsers" time="21.535" classname="seleniumrevision.org.test.LaunchMultipleBtowsers"/>
</testsuite> <!-- seleniumrevision.org.test.LaunchMultipleBtowsers -->
