<?xml version="1.0" encoding="UTF-8"?>
<!-- Generated by org.testng.reporters.JUnitReportReporter -->
<testsuite skipped="0" hostname="VISHAL-HP" name="seleniumrevision.org.test.Ajaxdemo" tests="1" failures="0" timestamp="22 Oct 2018 03:27:21 GMT" time="0.934" errors="0">
  <testcase name="test_AjaxExample" time="0.934" classname="seleniumrevision.org.test.Ajaxdemo"/>
</testsuite> <!-- seleniumrevision.org.test.Ajaxdemo -->
